2018-05-03 14:13:27,681 WARN  [DefaultSoapUICore] Missing folder [C:\Users\Administrator\ext] for external libraries
2018-05-03 14:13:28,318 INFO  [DefaultSoapUICore] initialized soapui-settings from [C:\Users\Administrator\soapui-settings.xml]
2018-05-03 14:13:29,346 INFO  [WorkspaceImpl] Loading workspace from [C:\Users\Administrator\intellij-soapui-workspace.xml]
2018-05-03 14:13:29,352 ERROR [SoapUI] An error occured [org.apache.xmlbeans.XmlException: C:\Users\Administrator\intellij-soapui-workspace.xml:1:1: error: Illegal XML character: 0x0
org.apache.xmlbeans.impl.piccolo.io.IllegalCharException: Illegal XML character: 0x0
	at org.apache.xmlbeans.impl.piccolo.xml.UTF8XMLDecoder.decode(UTF8XMLDecoder.java:196)
	at org.apache.xmlbeans.impl.piccolo.xml.XMLStreamReader$FastStreamDecoder.read(XMLStreamReader.java:762)
	at org.apache.xmlbeans.impl.piccolo.xml.XMLStreamReader.read(XMLStreamReader.java:162)
	at org.apache.xmlbeans.impl.piccolo.xml.PiccoloLexer.yy_refill(PiccoloLexer.java:3474)
	at org.apache.xmlbeans.impl.piccolo.xml.PiccoloLexer.yylex(PiccoloLexer.java:3958)
	at org.apache.xmlbeans.impl.piccolo.xml.Piccolo.yylex(Piccolo.java:1290)
	at org.apache.xmlbeans.impl.piccolo.xml.Piccolo.yyparse(Piccolo.java:1400)
	at org.apache.xmlbeans.impl.piccolo.xml.Piccolo.parse(Piccolo.java:714)
	at org.apache.xmlbeans.impl.store.Locale$SaxLoader.load(Locale.java:3454)
	at org.apache.xmlbeans.impl.store.Locale.parseToXmlObject(Locale.java:1276)
	at org.apache.xmlbeans.impl.store.Locale.parseToXmlObject(Locale.java:1263)
	at org.apache.xmlbeans.impl.schema.SchemaTypeLoaderBase.parse(SchemaTypeLoaderBase.java:345)
	at org.apache.xmlbeans.impl.schema.SchemaTypeLoaderBase.parse(SchemaTypeLoaderBase.java:252)
	at com.eviware.soapui.config.SoapuiWorkspaceDocumentConfig$Factory.parse(Unknown Source)
	at com.eviware.soapui.impl.WorkspaceImpl.loadWorkspace(WorkspaceImpl.java:153)
	at com.eviware.soapui.impl.WorkspaceImpl.<init>(WorkspaceImpl.java:87)
	at com.eviware.soapui.impl.WorkspaceFactoryImpl.openWorkspace(WorkspaceFactoryImpl.java:32)
	at com.eviware.soapui.intellij.plugin.SoapUIPlugin.initWorkspace(SoapUIPlugin.java:183)
	at com.eviware.soapui.intellij.plugin.SoapUIPlugin.initComponent(SoapUIPlugin.java:161)
	at com.intellij.openapi.components.impl.ComponentManagerImpl$ComponentConfigComponentAdapter.getComponentInstance(ComponentManagerImpl.java:492)
	at com.intellij.openapi.components.impl.ComponentManagerImpl.createComponents(ComponentManagerImpl.java:118)
	at com.intellij.openapi.components.impl.ComponentManagerImpl.init(ComponentManagerImpl.java:102)
	at com.intellij.openapi.components.impl.ComponentManagerImpl.init(ComponentManagerImpl.java:89)
	at com.intellij.openapi.project.impl.ProjectImpl.init(ProjectImpl.java:284)
	at com.intellij.openapi.project.impl.ProjectManagerImpl.a(ProjectManagerImpl.java:278)
	at com.intellij.openapi.project.impl.ProjectManagerImpl.d(ProjectManagerImpl.java:537)
	at com.intellij.openapi.progress.impl.CoreProgressManager$1.run(CoreProgressManager.java:231)
	at com.intellij.openapi.progress.impl.CoreProgressManager$TaskRunnable.run(CoreProgressManager.java:718)
	at com.intellij.openapi.progress.impl.CoreProgressManager$5.run(CoreProgressManager.java:402)
	at com.intellij.openapi.progress.impl.CoreProgressManager.a(CoreProgressManager.java:170)
	at com.intellij.openapi.progress.impl.CoreProgressManager.a(CoreProgressManager.java:548)
	at com.intellij.openapi.progress.impl.CoreProgressManager.executeProcessUnderProgress(CoreProgressManager.java:493)
	at com.intellij.openapi.progress.impl.ProgressManagerImpl.executeProcessUnderProgress(ProgressManagerImpl.java:94)
	at com.intellij.openapi.progress.impl.CoreProgressManager.runProcess(CoreProgressManager.java:157)
	at com.intellij.openapi.application.impl.ApplicationImpl.a(ApplicationImpl.java:602)
	at com.intellij.openapi.application.impl.ApplicationImpl$2.run(ApplicationImpl.java:342)
	at java.util.concurrent.Executors$RunnableAdapter.call(Executors.java:511)
	at java.util.concurrent.FutureTask.run(FutureTask.java:266)
	at java.util.concurrent.ThreadPoolExecutor.runWorker(ThreadPoolExecutor.java:1142)
	at java.util.concurrent.ThreadPoolExecutor$Worker.run(ThreadPoolExecutor.java:617)
	at java.lang.Thread.run(Thread.java:745)
], see error log for details
2018-05-03 14:13:29,450 ERROR [errorlog] com.eviware.soapui.support.SoapUIException: org.apache.xmlbeans.XmlException: C:\Users\Administrator\intellij-soapui-workspace.xml:1:1: error: Illegal XML character: 0x0
org.apache.xmlbeans.impl.piccolo.io.IllegalCharException: Illegal XML character: 0x0
	at org.apache.xmlbeans.impl.piccolo.xml.UTF8XMLDecoder.decode(UTF8XMLDecoder.java:196)
	at org.apache.xmlbeans.impl.piccolo.xml.XMLStreamReader$FastStreamDecoder.read(XMLStreamReader.java:762)
	at org.apache.xmlbeans.impl.piccolo.xml.XMLStreamReader.read(XMLStreamReader.java:162)
	at org.apache.xmlbeans.impl.piccolo.xml.PiccoloLexer.yy_refill(PiccoloLexer.java:3474)
	at org.apache.xmlbeans.impl.piccolo.xml.PiccoloLexer.yylex(PiccoloLexer.java:3958)
	at org.apache.xmlbeans.impl.piccolo.xml.Piccolo.yylex(Piccolo.java:1290)
	at org.apache.xmlbeans.impl.piccolo.xml.Piccolo.yyparse(Piccolo.java:1400)
	at org.apache.xmlbeans.impl.piccolo.xml.Piccolo.parse(Piccolo.java:714)
	at org.apache.xmlbeans.impl.store.Locale$SaxLoader.load(Locale.java:3454)
	at org.apache.xmlbeans.impl.store.Locale.parseToXmlObject(Locale.java:1276)
	at org.apache.xmlbeans.impl.store.Locale.parseToXmlObject(Locale.java:1263)
	at org.apache.xmlbeans.impl.schema.SchemaTypeLoaderBase.parse(SchemaTypeLoaderBase.java:345)
	at org.apache.xmlbeans.impl.schema.SchemaTypeLoaderBase.parse(SchemaTypeLoaderBase.java:252)
	at com.eviware.soapui.config.SoapuiWorkspaceDocumentConfig$Factory.parse(Unknown Source)
	at com.eviware.soapui.impl.WorkspaceImpl.loadWorkspace(WorkspaceImpl.java:153)
	at com.eviware.soapui.impl.WorkspaceImpl.<init>(WorkspaceImpl.java:87)
	at com.eviware.soapui.impl.WorkspaceFactoryImpl.openWorkspace(WorkspaceFactoryImpl.java:32)
	at com.eviware.soapui.intellij.plugin.SoapUIPlugin.initWorkspace(SoapUIPlugin.java:183)
	at com.eviware.soapui.intellij.plugin.SoapUIPlugin.initComponent(SoapUIPlugin.java:161)
	at com.intellij.openapi.components.impl.ComponentManagerImpl$ComponentConfigComponentAdapter.getComponentInstance(ComponentManagerImpl.java:492)
	at com.intellij.openapi.components.impl.ComponentManagerImpl.createComponents(ComponentManagerImpl.java:118)
	at com.intellij.openapi.components.impl.ComponentManagerImpl.init(ComponentManagerImpl.java:102)
	at com.intellij.openapi.components.impl.ComponentManagerImpl.init(ComponentManagerImpl.java:89)
	at com.intellij.openapi.project.impl.ProjectImpl.init(ProjectImpl.java:284)
	at com.intellij.openapi.project.impl.ProjectManagerImpl.a(ProjectManagerImpl.java:278)
	at com.intellij.openapi.project.impl.ProjectManagerImpl.d(ProjectManagerImpl.java:537)
	at com.intellij.openapi.progress.impl.CoreProgressManager$1.run(CoreProgressManager.java:231)
	at com.intellij.openapi.progress.impl.CoreProgressManager$TaskRunnable.run(CoreProgressManager.java:718)
	at com.intellij.openapi.progress.impl.CoreProgressManager$5.run(CoreProgressManager.java:402)
	at com.intellij.openapi.progress.impl.CoreProgressManager.a(CoreProgressManager.java:170)
	at com.intellij.openapi.progress.impl.CoreProgressManager.a(CoreProgressManager.java:548)
	at com.intellij.openapi.progress.impl.CoreProgressManager.executeProcessUnderProgress(CoreProgressManager.java:493)
	at com.intellij.openapi.progress.impl.ProgressManagerImpl.executeProcessUnderProgress(ProgressManagerImpl.java:94)
	at com.intellij.openapi.progress.impl.CoreProgressManager.runProcess(CoreProgressManager.java:157)
	at com.intellij.openapi.application.impl.ApplicationImpl.a(ApplicationImpl.java:602)
	at com.intellij.openapi.application.impl.ApplicationImpl$2.run(ApplicationImpl.java:342)
	at java.util.concurrent.Executors$RunnableAdapter.call(Executors.java:511)
	at java.util.concurrent.FutureTask.run(FutureTask.java:266)
	at java.util.concurrent.ThreadPoolExecutor.runWorker(ThreadPoolExecutor.java:1142)
	at java.util.concurrent.ThreadPoolExecutor$Worker.run(ThreadPoolExecutor.java:617)
	at java.lang.Thread.run(Thread.java:745)

com.eviware.soapui.support.SoapUIException: org.apache.xmlbeans.XmlException: C:\Users\Administrator\intellij-soapui-workspace.xml:1:1: error: Illegal XML character: 0x0
org.apache.xmlbeans.impl.piccolo.io.IllegalCharException: Illegal XML character: 0x0
	at org.apache.xmlbeans.impl.piccolo.xml.UTF8XMLDecoder.decode(UTF8XMLDecoder.java:196)
	at org.apache.xmlbeans.impl.piccolo.xml.XMLStreamReader$FastStreamDecoder.read(XMLStreamReader.java:762)
	at org.apache.xmlbeans.impl.piccolo.xml.XMLStreamReader.read(XMLStreamReader.java:162)
	at org.apache.xmlbeans.impl.piccolo.xml.PiccoloLexer.yy_refill(PiccoloLexer.java:3474)
	at org.apache.xmlbeans.impl.piccolo.xml.PiccoloLexer.yylex(PiccoloLexer.java:3958)
	at org.apache.xmlbeans.impl.piccolo.xml.Piccolo.yylex(Piccolo.java:1290)
	at org.apache.xmlbeans.impl.piccolo.xml.Piccolo.yyparse(Piccolo.java:1400)
	at org.apache.xmlbeans.impl.piccolo.xml.Piccolo.parse(Piccolo.java:714)
	at org.apache.xmlbeans.impl.store.Locale$SaxLoader.load(Locale.java:3454)
	at org.apache.xmlbeans.impl.store.Locale.parseToXmlObject(Locale.java:1276)
	at org.apache.xmlbeans.impl.store.Locale.parseToXmlObject(Locale.java:1263)
	at org.apache.xmlbeans.impl.schema.SchemaTypeLoaderBase.parse(SchemaTypeLoaderBase.java:345)
	at org.apache.xmlbeans.impl.schema.SchemaTypeLoaderBase.parse(SchemaTypeLoaderBase.java:252)
	at com.eviware.soapui.config.SoapuiWorkspaceDocumentConfig$Factory.parse(Unknown Source)
	at com.eviware.soapui.impl.WorkspaceImpl.loadWorkspace(WorkspaceImpl.java:153)
	at com.eviware.soapui.impl.WorkspaceImpl.<init>(WorkspaceImpl.java:87)
	at com.eviware.soapui.impl.WorkspaceFactoryImpl.openWorkspace(WorkspaceFactoryImpl.java:32)
	at com.eviware.soapui.intellij.plugin.SoapUIPlugin.initWorkspace(SoapUIPlugin.java:183)
	at com.eviware.soapui.intellij.plugin.SoapUIPlugin.initComponent(SoapUIPlugin.java:161)
	at com.intellij.openapi.components.impl.ComponentManagerImpl$ComponentConfigComponentAdapter.getComponentInstance(ComponentManagerImpl.java:492)
	at com.intellij.openapi.components.impl.ComponentManagerImpl.createComponents(ComponentManagerImpl.java:118)
	at com.intellij.openapi.components.impl.ComponentManagerImpl.init(ComponentManagerImpl.java:102)
	at com.intellij.openapi.components.impl.ComponentManagerImpl.init(ComponentManagerImpl.java:89)
	at com.intellij.openapi.project.impl.ProjectImpl.init(ProjectImpl.java:284)
	at com.intellij.openapi.project.impl.ProjectManagerImpl.a(ProjectManagerImpl.java:278)
	at com.intellij.openapi.project.impl.ProjectManagerImpl.d(ProjectManagerImpl.java:537)
	at com.intellij.openapi.progress.impl.CoreProgressManager$1.run(CoreProgressManager.java:231)
	at com.intellij.openapi.progress.impl.CoreProgressManager$TaskRunnable.run(CoreProgressManager.java:718)
	at com.intellij.openapi.progress.impl.CoreProgressManager$5.run(CoreProgressManager.java:402)
	at com.intellij.openapi.progress.impl.CoreProgressManager.a(CoreProgressManager.java:170)
	at com.intellij.openapi.progress.impl.CoreProgressManager.a(CoreProgressManager.java:548)
	at com.intellij.openapi.progress.impl.CoreProgressManager.executeProcessUnderProgress(CoreProgressManager.java:493)
	at com.intellij.openapi.progress.impl.ProgressManagerImpl.executeProcessUnderProgress(ProgressManagerImpl.java:94)
	at com.intellij.openapi.progress.impl.CoreProgressManager.runProcess(CoreProgressManager.java:157)
	at com.intellij.openapi.application.impl.ApplicationImpl.a(ApplicationImpl.java:602)
	at com.intellij.openapi.application.impl.ApplicationImpl$2.run(ApplicationImpl.java:342)
	at java.util.concurrent.Executors$RunnableAdapter.call(Executors.java:511)
	at java.util.concurrent.FutureTask.run(FutureTask.java:266)
	at java.util.concurrent.ThreadPoolExecutor.runWorker(ThreadPoolExecutor.java:1142)
	at java.util.concurrent.ThreadPoolExecutor$Worker.run(ThreadPoolExecutor.java:617)
	at java.lang.Thread.run(Thread.java:745)

	at com.eviware.soapui.impl.WorkspaceFactoryImpl.openWorkspace(WorkspaceFactoryImpl.java:36)
	at com.eviware.soapui.intellij.plugin.SoapUIPlugin.initWorkspace(SoapUIPlugin.java:183)
	at com.eviware.soapui.intellij.plugin.SoapUIPlugin.initComponent(SoapUIPlugin.java:161)
	at com.intellij.openapi.components.impl.ComponentManagerImpl$ComponentConfigComponentAdapter.getComponentInstance(ComponentManagerImpl.java:492)
	at com.intellij.openapi.components.impl.ComponentManagerImpl.createComponents(ComponentManagerImpl.java:118)
	at com.intellij.openapi.components.impl.ComponentManagerImpl.init(ComponentManagerImpl.java:102)
	at com.intellij.openapi.components.impl.ComponentManagerImpl.init(ComponentManagerImpl.java:89)
	at com.intellij.openapi.project.impl.ProjectImpl.init(ProjectImpl.java:284)
	at com.intellij.openapi.project.impl.ProjectManagerImpl.a(ProjectManagerImpl.java:278)
	at com.intellij.openapi.project.impl.ProjectManagerImpl.d(ProjectManagerImpl.java:537)
	at com.intellij.openapi.progress.impl.CoreProgressManager$1.run(CoreProgressManager.java:231)
	at com.intellij.openapi.progress.impl.CoreProgressManager$TaskRunnable.run(CoreProgressManager.java:718)
	at com.intellij.openapi.progress.impl.CoreProgressManager$5.run(CoreProgressManager.java:402)
	at com.intellij.openapi.progress.impl.CoreProgressManager.a(CoreProgressManager.java:170)
	at com.intellij.openapi.progress.impl.CoreProgressManager.a(CoreProgressManager.java:548)
	at com.intellij.openapi.progress.impl.CoreProgressManager.executeProcessUnderProgress(CoreProgressManager.java:493)
	at com.intellij.openapi.progress.impl.ProgressManagerImpl.executeProcessUnderProgress(ProgressManagerImpl.java:94)
	at com.intellij.openapi.progress.impl.CoreProgressManager.runProcess(CoreProgressManager.java:157)
	at com.intellij.openapi.application.impl.ApplicationImpl.a(ApplicationImpl.java:602)
	at com.intellij.openapi.application.impl.ApplicationImpl$2.run(ApplicationImpl.java:342)
	at java.util.concurrent.Executors$RunnableAdapter.call(Executors.java:511)
	at java.util.concurrent.FutureTask.run(FutureTask.java:266)
	at java.util.concurrent.ThreadPoolExecutor.runWorker(ThreadPoolExecutor.java:1142)
	at java.util.concurrent.ThreadPoolExecutor$Worker.run(ThreadPoolExecutor.java:617)
	at java.lang.Thread.run(Thread.java:745)
Caused by: org.apache.xmlbeans.XmlException: C:\Users\Administrator\intellij-soapui-workspace.xml:1:1: error: Illegal XML character: 0x0
org.apache.xmlbeans.impl.piccolo.io.IllegalCharException: Illegal XML character: 0x0
	at org.apache.xmlbeans.impl.piccolo.xml.UTF8XMLDecoder.decode(UTF8XMLDecoder.java:196)
	at org.apache.xmlbeans.impl.piccolo.xml.XMLStreamReader$FastStreamDecoder.read(XMLStreamReader.java:762)
	at org.apache.xmlbeans.impl.piccolo.xml.XMLStreamReader.read(XMLStreamReader.java:162)
	at org.apache.xmlbeans.impl.piccolo.xml.PiccoloLexer.yy_refill(PiccoloLexer.java:3474)
	at org.apache.xmlbeans.impl.piccolo.xml.PiccoloLexer.yylex(PiccoloLexer.java:3958)
	at org.apache.xmlbeans.impl.piccolo.xml.Piccolo.yylex(Piccolo.java:1290)
	at org.apache.xmlbeans.impl.piccolo.xml.Piccolo.yyparse(Piccolo.java:1400)
	at org.apache.xmlbeans.impl.piccolo.xml.Piccolo.parse(Piccolo.java:714)
	at org.apache.xmlbeans.impl.store.Locale$SaxLoader.load(Locale.java:3454)
	at org.apache.xmlbeans.impl.store.Locale.parseToXmlObject(Locale.java:1276)
	at org.apache.xmlbeans.impl.store.Locale.parseToXmlObject(Locale.java:1263)
	at org.apache.xmlbeans.impl.schema.SchemaTypeLoaderBase.parse(SchemaTypeLoaderBase.java:345)
	at org.apache.xmlbeans.impl.schema.SchemaTypeLoaderBase.parse(SchemaTypeLoaderBase.java:252)
	at com.eviware.soapui.config.SoapuiWorkspaceDocumentConfig$Factory.parse(Unknown Source)
	at com.eviware.soapui.impl.WorkspaceImpl.loadWorkspace(WorkspaceImpl.java:153)
	at com.eviware.soapui.impl.WorkspaceImpl.<init>(WorkspaceImpl.java:87)
	at com.eviware.soapui.impl.WorkspaceFactoryImpl.openWorkspace(WorkspaceFactoryImpl.java:32)
	at com.eviware.soapui.intellij.plugin.SoapUIPlugin.initWorkspace(SoapUIPlugin.java:183)
	at com.eviware.soapui.intellij.plugin.SoapUIPlugin.initComponent(SoapUIPlugin.java:161)
	at com.intellij.openapi.components.impl.ComponentManagerImpl$ComponentConfigComponentAdapter.getComponentInstance(ComponentManagerImpl.java:492)
	at com.intellij.openapi.components.impl.ComponentManagerImpl.createComponents(ComponentManagerImpl.java:118)
	at com.intellij.openapi.components.impl.ComponentManagerImpl.init(ComponentManagerImpl.java:102)
	at com.intellij.openapi.components.impl.ComponentManagerImpl.init(ComponentManagerImpl.java:89)
	at com.intellij.openapi.project.impl.ProjectImpl.init(ProjectImpl.java:284)
	at com.intellij.openapi.project.impl.ProjectManagerImpl.a(ProjectManagerImpl.java:278)
	at com.intellij.openapi.project.impl.ProjectManagerImpl.d(ProjectManagerImpl.java:537)
	at com.intellij.openapi.progress.impl.CoreProgressManager$1.run(CoreProgressManager.java:231)
	at com.intellij.openapi.progress.impl.CoreProgressManager$TaskRunnable.run(CoreProgressManager.java:718)
	at com.intellij.openapi.progress.impl.CoreProgressManager$5.run(CoreProgressManager.java:402)
	at com.intellij.openapi.progress.impl.CoreProgressManager.a(CoreProgressManager.java:170)
	at com.intellij.openapi.progress.impl.CoreProgressManager.a(CoreProgressManager.java:548)
	at com.intellij.openapi.progress.impl.CoreProgressManager.executeProcessUnderProgress(CoreProgressManager.java:493)
	at com.intellij.openapi.progress.impl.ProgressManagerImpl.executeProcessUnderProgress(ProgressManagerImpl.java:94)
	at com.intellij.openapi.progress.impl.CoreProgressManager.runProcess(CoreProgressManager.java:157)
	at com.intellij.openapi.application.impl.ApplicationImpl.a(ApplicationImpl.java:602)
	at com.intellij.openapi.application.impl.ApplicationImpl$2.run(ApplicationImpl.java:342)
	at java.util.concurrent.Executors$RunnableAdapter.call(Executors.java:511)
	at java.util.concurrent.FutureTask.run(FutureTask.java:266)
	at java.util.concurrent.ThreadPoolExecutor.runWorker(ThreadPoolExecutor.java:1142)
	at java.util.concurrent.ThreadPoolExecutor$Worker.run(ThreadPoolExecutor.java:617)
	at java.lang.Thread.run(Thread.java:745)

	at org.apache.xmlbeans.impl.store.Locale$SaxLoader.load(Locale.java:3486)
	at org.apache.xmlbeans.impl.store.Locale.parseToXmlObject(Locale.java:1276)
	at org.apache.xmlbeans.impl.store.Locale.parseToXmlObject(Locale.java:1263)
	at org.apache.xmlbeans.impl.schema.SchemaTypeLoaderBase.parse(SchemaTypeLoaderBase.java:345)
	at org.apache.xmlbeans.impl.schema.SchemaTypeLoaderBase.parse(SchemaTypeLoaderBase.java:252)
	at com.eviware.soapui.config.SoapuiWorkspaceDocumentConfig$Factory.parse(Unknown Source)
	at com.eviware.soapui.impl.WorkspaceImpl.loadWorkspace(WorkspaceImpl.java:153)
	at com.eviware.soapui.impl.WorkspaceImpl.<init>(WorkspaceImpl.java:87)
	at com.eviware.soapui.impl.WorkspaceFactoryImpl.openWorkspace(WorkspaceFactoryImpl.java:32)
	... 24 more
Caused by: org.xml.sax.SAXParseException; systemId: file:; lineNumber: 1; columnNumber: 1; Illegal XML character: 0x0
org.apache.xmlbeans.impl.piccolo.io.IllegalCharException: Illegal XML character: 0x0
	at org.apache.xmlbeans.impl.piccolo.xml.UTF8XMLDecoder.decode(UTF8XMLDecoder.java:196)
	at org.apache.xmlbeans.impl.piccolo.xml.XMLStreamReader$FastStreamDecoder.read(XMLStreamReader.java:762)
	at org.apache.xmlbeans.impl.piccolo.xml.XMLStreamReader.read(XMLStreamReader.java:162)
	at org.apache.xmlbeans.impl.piccolo.xml.PiccoloLexer.yy_refill(PiccoloLexer.java:3474)
	at org.apache.xmlbeans.impl.piccolo.xml.PiccoloLexer.yylex(PiccoloLexer.java:3958)
	at org.apache.xmlbeans.impl.piccolo.xml.Piccolo.yylex(Piccolo.java:1290)
	at org.apache.xmlbeans.impl.piccolo.xml.Piccolo.yyparse(Piccolo.java:1400)
	at org.apache.xmlbeans.impl.piccolo.xml.Piccolo.parse(Piccolo.java:714)
	at org.apache.xmlbeans.impl.store.Locale$SaxLoader.load(Locale.java:3454)
	at org.apache.xmlbeans.impl.store.Locale.parseToXmlObject(Locale.java:1276)
	at org.apache.xmlbeans.impl.store.Locale.parseToXmlObject(Locale.java:1263)
	at org.apache.xmlbeans.impl.schema.SchemaTypeLoaderBase.parse(SchemaTypeLoaderBase.java:345)
	at org.apache.xmlbeans.impl.schema.SchemaTypeLoaderBase.parse(SchemaTypeLoaderBase.java:252)
	at com.eviware.soapui.config.SoapuiWorkspaceDocumentConfig$Factory.parse(Unknown Source)
	at com.eviware.soapui.impl.WorkspaceImpl.loadWorkspace(WorkspaceImpl.java:153)
	at com.eviware.soapui.impl.WorkspaceImpl.<init>(WorkspaceImpl.java:87)
	at com.eviware.soapui.impl.WorkspaceFactoryImpl.openWorkspace(WorkspaceFactoryImpl.java:32)
	at com.eviware.soapui.intellij.plugin.SoapUIPlugin.initWorkspace(SoapUIPlugin.java:183)
	at com.eviware.soapui.intellij.plugin.SoapUIPlugin.initComponent(SoapUIPlugin.java:161)
	at com.intellij.openapi.components.impl.ComponentManagerImpl$ComponentConfigComponentAdapter.getComponentInstance(ComponentManagerImpl.java:492)
	at com.intellij.openapi.components.impl.ComponentManagerImpl.createComponents(ComponentManagerImpl.java:118)
	at com.intellij.openapi.components.impl.ComponentManagerImpl.init(ComponentManagerImpl.java:102)
	at com.intellij.openapi.components.impl.ComponentManagerImpl.init(ComponentManagerImpl.java:89)
	at com.intellij.openapi.project.impl.ProjectImpl.init(ProjectImpl.java:284)
	at com.intellij.openapi.project.impl.ProjectManagerImpl.a(ProjectManagerImpl.java:278)
	at com.intellij.openapi.project.impl.ProjectManagerImpl.d(ProjectManagerImpl.java:537)
	at com.intellij.openapi.progress.impl.CoreProgressManager$1.run(CoreProgressManager.java:231)
	at com.intellij.openapi.progress.impl.CoreProgressManager$TaskRunnable.run(CoreProgressManager.java:718)
	at com.intellij.openapi.progress.impl.CoreProgressManager$5.run(CoreProgressManager.java:402)
	at com.intellij.openapi.progress.impl.CoreProgressManager.a(CoreProgressManager.java:170)
	at com.intellij.openapi.progress.impl.CoreProgressManager.a(CoreProgressManager.java:548)
	at com.intellij.openapi.progress.impl.CoreProgressManager.executeProcessUnderProgress(CoreProgressManager.java:493)
	at com.intellij.openapi.progress.impl.ProgressManagerImpl.executeProcessUnderProgress(ProgressManagerImpl.java:94)
	at com.intellij.openapi.progress.impl.CoreProgressManager.runProcess(CoreProgressManager.java:157)
	at com.intellij.openapi.application.impl.ApplicationImpl.a(ApplicationImpl.java:602)
	at com.intellij.openapi.application.impl.ApplicationImpl$2.run(ApplicationImpl.java:342)
	at java.util.concurrent.Executors$RunnableAdapter.call(Executors.java:511)
	at java.util.concurrent.FutureTask.run(FutureTask.java:266)
	at java.util.concurrent.ThreadPoolExecutor.runWorker(ThreadPoolExecutor.java:1142)
	at java.util.concurrent.ThreadPoolExecutor$Worker.run(ThreadPoolExecutor.java:617)
	at java.lang.Thread.run(Thread.java:745)

	at org.apache.xmlbeans.impl.piccolo.xml.Piccolo.reportFatalError(Piccolo.java:1038)
	at org.apache.xmlbeans.impl.piccolo.xml.Piccolo.parse(Piccolo.java:717)
	at org.apache.xmlbeans.impl.store.Locale$SaxLoader.load(Locale.java:3454)
	... 32 more
Caused by: org.apache.xmlbeans.impl.piccolo.io.IllegalCharException: Illegal XML character: 0x0
	at org.apache.xmlbeans.impl.piccolo.xml.UTF8XMLDecoder.decode(UTF8XMLDecoder.java:196)
	at org.apache.xmlbeans.impl.piccolo.xml.XMLStreamReader$FastStreamDecoder.read(XMLStreamReader.java:762)
	at org.apache.xmlbeans.impl.piccolo.xml.XMLStreamReader.read(XMLStreamReader.java:162)
	at org.apache.xmlbeans.impl.piccolo.xml.PiccoloLexer.yy_refill(PiccoloLexer.java:3474)
	at org.apache.xmlbeans.impl.piccolo.xml.PiccoloLexer.yylex(PiccoloLexer.java:3958)
	at org.apache.xmlbeans.impl.piccolo.xml.Piccolo.yylex(Piccolo.java:1290)
	at org.apache.xmlbeans.impl.piccolo.xml.Piccolo.yyparse(Piccolo.java:1400)
	at org.apache.xmlbeans.impl.piccolo.xml.Piccolo.parse(Piccolo.java:714)
	... 33 more
